<?xml version="1.0" encoding="UTF-8"?>
<testsuite name="Review the operation of the alerts on the website" tests="1" skipped="0" failures="1" errors="0" timestamp="2022-08-26T15:01:12" hostname="DESKTOP-7MNG5Q6" time="29.581">
  <properties/>
  <testcase name="enter the page and make alerts" classname="Review the operation of the alerts on the website" time="29.581">
    <failure message="java.lang.NullPointerException: Cannot invoke &quot;org.openqa.selenium.WebDriver.switchTo()&quot; because &quot;this.hisBrowser&quot; is null" type="java.lang.NullPointerException">java.lang.NullPointerException: Cannot invoke &quot;org.openqa.selenium.WebDriver.switchTo()&quot; because &quot;this.hisBrowser&quot; is null
	at co.com.prueba.demoqa.tasks.ClickAlerts.performAs(ClickAlerts.java:29)
	at co.com.prueba.demoqa.tasks.ClickAlerts$ByteBuddy$bBYc821O.performAs$accessor$d1HerQBV(Unknown Source)
	at java.base/jdk.internal.reflect.NativeMethodAccessorImpl.invoke0(Native Method)
	at java.base/jdk.internal.reflect.NativeMethodAccessorImpl.invoke(NativeMethodAccessorImpl.java:64)
	at java.base/jdk.internal.reflect.DelegatingMethodAccessorImpl.invoke(DelegatingMethodAccessorImpl.java:43)
	at java.base/java.lang.reflect.Method.invoke(Method.java:564)
	at net.thucydides.core.steps.StepInterceptor.invokeMethod(StepInterceptor.java:492)
	at net.thucydides.core.steps.StepInterceptor.executeTestStepMethod(StepInterceptor.java:472)
	at net.thucydides.core.steps.StepInterceptor.runTestStep(StepInterceptor.java:445)
	at net.thucydides.core.steps.StepInterceptor.runOrSkipMethod(StepInterceptor.java:201)
	at net.thucydides.core.steps.StepInterceptor.testStepResult(StepInterceptor.java:188)
	at net.thucydides.core.steps.StepInterceptor.intercept(StepInterceptor.java:76)
	at net.thucydides.core.steps.ProxyConfiguration$InterceptorDispatcher.intercept(ProxyConfiguration.java:51)
	at co.com.prueba.demoqa.tasks.ClickAlerts$ByteBuddy$bBYc821O.performAs(Unknown Source)
	at net.serenitybdd.screenplay.Actor.performTask(Actor.java:252)
	at net.serenitybdd.screenplay.Actor.perform(Actor.java:233)
	at net.serenitybdd.screenplay.Actor.attemptsTo(Actor.java:178)
	at co.com.prueba.demoqa.stepdefinitions.AlertsStepDefinitions.click_to_see_how_each_alert_works(AlertsStepDefinitions.java:34)
	at ✽.click to see how each alert works(file:///C:/Users/ADMIN/IdeaProjects/toolsQA/src/test/resources/features/alertsqa.feature:5)
</failure>
  </testcase>
  <system-out><![CDATA[?[92m|-- Given go to the website "https://demoqa.com/alerts"?[0m
?[92m|---- luna opens the https://demoqa.com/alerts?[0m
?[92m|-- When click to see how each alert works?[0m
?[92m|---- Luna click alerts?[0m
?[92m|------ luna clicks on On button click, confirm box will appear?[0m
Step argument class io.cucumber.core.gherkin.messages.GherkinMessagesDataTableArgument
?[92m|------ Then verification message
| confirm | You selected Ok |?[0m
]]></system-out>
  <system-err><![CDATA[[Test worker] INFO io.cucumber.core.plugin.SerenityReporter - Running feature from file:///C:/Users/ADMIN/IdeaProjects/toolsQA/src/test/resources/features/alertsqa.feature
[Test worker] WARN io.cucumber.core.plugin.SerenityReporter - Feature from file:///C:/Users/ADMIN/IdeaProjects/toolsQA/src/test/resources/features/alertsqa.feature is not under the 'features' directory. Requirements report will not be correctly generated!
[Test worker] INFO  - 
  _____   ___   ___   _____     ___   _____     _     ___   _____   ___   ___  
 |_   _| | __| / __| |_   _|   / __| |_   _|   /_\   | _ \ |_   _| | __| |   \ 
   | |   | _|  \__ \   | |     \__ \   | |    / _ \  |   /   | |   | _|  | |) |
   |_|   |___| |___/   |_|     |___/   |_|   /_/ \_\ |_|_\   |_|   |___| |___/ 

enter the page and make alerts(review-the-operation-of-the-alerts-on-the-website;enter-the-page-and-make-alerts)
--------------------------------------------------------------------------------
[Test worker] INFO net.serenitybdd.core.webdriver.driverproviders.ChromeDriverProvider - Using automatically driver download
[Test worker] INFO io.github.bonigarcia.wdm.WebDriverManager - Using chromedriver 104.0.5112.79 (resolved driver for Chrome 104)
[Test worker] INFO io.github.bonigarcia.wdm.WebDriverManager - Exporting webdriver.chrome.driver as C:\Users\ADMIN\.cache\selenium\chromedriver\win32\104.0.5112.79\chromedriver.exe
[Test worker] INFO net.serenitybdd.core.webdriver.driverproviders.ProvideNewDriver - Instantiating driver
[Test worker] INFO net.serenitybdd.core.webdriver.driverproviders.ProvideNewDriver - Driver capabilities: Capabilities {acceptInsecureCerts: false, browserName: chrome, chrome.switches: "--disable-notifications, -..., goog:chromeOptions: {args: [--", --disable-notifications, --enable-automation, --profile-directory=Default, --disables-web-security, --disable-plugins-discovery, --disk-cache-dir=null, --disable-popup-blocking, --disable-download-notifica..., --start-maximized, --ignore-certificate-errors, --allow-running-insecure-co..., --disable-traslate, --always-authorize-plugins, --disable-extensions, --incognito"], extensions: []}, loggingPrefs: org.openqa.selenium.logging...}
Starting ChromeDriver 104.0.5112.79 (3cf3e8c8a07d104b9e1260c910efb8f383285dc5-refs/branch-heads/5112@{#1307}) on port 18104
Only local connections are allowed.
Please see https://chromedriver.chromium.org/security-considerations for suggestions on keeping ChromeDriver safe.
ChromeDriver was started successfully.
ago. 26, 2022 10:01:16 A. M. org.openqa.selenium.remote.ProtocolHandshake createSession
INFO: Detected dialect: W3C
[Test worker] INFO  - ?[91mSTEP ERROR: java.lang.NullPointerException: Cannot invoke "org.openqa.selenium.WebDriver.switchTo()" because "this.hisBrowser" is null?[0m
[Test worker] INFO  - ?[91mSTEP ERROR: java.lang.NullPointerException: Cannot invoke "org.openqa.selenium.WebDriver.switchTo()" because "this.hisBrowser" is null?[0m
[Test worker] INFO  - ?[33m      -> STEP IGNORED?[0m
[Test worker] ERROR  - ?[91m
  _____   ___   ___   _____     ___   ___   ___    ___    ___ 
 |_   _| | __| / __| |_   _|   | __| | _ \ | _ \  / _ \  | _ \
   | |   | _|  \__ \   | |     | _|  |   / |   / | (_) | |   /
   |_|   |___| |___/   |_|     |___| |_|_\ |_|_\  \___/  |_|_\

enter the page and make alerts
---------------------------------------------------------------?[0m
[Test worker] ERROR  - ?[91m    Test failed at step: Luna click alerts?[0m
[Test worker] ERROR  - ?[91m    Cannot invoke "org.openqa.selenium.WebDriver.switchTo()" because "this.hisBrowser" is null?[0m
]]></system-err>
</testsuite>
